0 info it worked if it ends with ok
1 verbose cli [ '/usr/bin/node',
1 verbose cli   '/usr/bin/npm',
1 verbose cli   'install',
1 verbose cli   'react-scripts@2.1.8-global' ]
2 info using npm@3.5.2
3 info using node@v8.10.0
4 silly loadCurrentTree Starting
5 silly install loadCurrentTree
6 silly install readLocalPackageData
7 silly fetchPackageMetaData react-scripts@2.1.8-global
8 silly fetchNamedPackageData react-scripts
9 silly mapToRegistry name react-scripts
10 silly mapToRegistry using default registry
11 silly mapToRegistry registry https://registry.npmjs.org/
12 silly mapToRegistry uri https://registry.npmjs.org/react-scripts
13 verbose request uri https://registry.npmjs.org/react-scripts
14 verbose request no auth needed
15 info attempt registry request try #1 at 17:34:56
16 verbose request id 730879f44d601da5
17 http request GET https://registry.npmjs.org/react-scripts
18 http 200 https://registry.npmjs.org/react-scripts
19 verbose headers { date: 'Wed, 26 Jun 2019 22:34:57 GMT',
19 verbose headers   'content-type': 'application/json',
19 verbose headers   'transfer-encoding': 'chunked',
19 verbose headers   connection: 'keep-alive',
19 verbose headers   'set-cookie':
19 verbose headers    [ '__cfduid=d70a2957f417db181149aef0000c96cc61561588497; expires=Thu, 25-Jun-20 22:34:57 GMT; path=/; domain=.npmjs.org; HttpOnly' ],
19 verbose headers   'cf-cache-status': 'HIT',
19 verbose headers   'cache-control': 'max-age=300',
19 verbose headers   'cf-ray': '4ed2a6ce58abcfc3-SCL',
19 verbose headers   age: '70',
19 verbose headers   etag: 'W/"d35c2db4c75fd2238587f9228d91d1cc"',
19 verbose headers   'expect-ct': 'max-age=604800, report-uri="https://report-uri.cloudflare.com/cdn-cgi/beacon/expect-ct"',
19 verbose headers   'last-modified': 'Mon, 20 May 2019 21:07:00 GMT',
19 verbose headers   vary: 'accept-encoding, accept',
19 verbose headers   'x-amz-meta-rev': '261-926e1facaf6405f163daf07c3b5af984',
19 verbose headers   server: 'cloudflare',
19 verbose headers   'content-encoding': 'gzip' }
20 silly get cb [ 200,
20 silly get   { date: 'Wed, 26 Jun 2019 22:34:57 GMT',
20 silly get     'content-type': 'application/json',
20 silly get     'transfer-encoding': 'chunked',
20 silly get     connection: 'keep-alive',
20 silly get     'set-cookie':
20 silly get      [ '__cfduid=d70a2957f417db181149aef0000c96cc61561588497; expires=Thu, 25-Jun-20 22:34:57 GMT; path=/; domain=.npmjs.org; HttpOnly' ],
20 silly get     'cf-cache-status': 'HIT',
20 silly get     'cache-control': 'max-age=300',
20 silly get     'cf-ray': '4ed2a6ce58abcfc3-SCL',
20 silly get     age: '70',
20 silly get     etag: 'W/"d35c2db4c75fd2238587f9228d91d1cc"',
20 silly get     'expect-ct': 'max-age=604800, report-uri="https://report-uri.cloudflare.com/cdn-cgi/beacon/expect-ct"',
20 silly get     'last-modified': 'Mon, 20 May 2019 21:07:00 GMT',
20 silly get     vary: 'accept-encoding, accept',
20 silly get     'x-amz-meta-rev': '261-926e1facaf6405f163daf07c3b5af984',
20 silly get     server: 'cloudflare',
20 silly get     'content-encoding': 'gzip' } ]
21 verbose get saving react-scripts to /home/robinson/.npm/registry.npmjs.org/react-scripts/.cache.json
22 silly fetchPackageMetaData Error: No compatible version found: react-scripts@2.1.8-global
22 silly fetchPackageMetaData Valid install targets:
22 silly fetchPackageMetaData 3.0.1, 3.0.0, 3.0.0-next.b0cbf2ca, 3.0.0-next.68, 2.1.8, 2.1.7, 2.1.6, 2.1.5, 2.1.4, 2.1.3, 2.1.3-next.6a95aae9, 2.1.2, 2.1.1, 2.1.0, 2.0.6-next.c662dfb0, 2.0.6-next.9b4009d7, 2.0.5, 2.0.4, 2.0.3, 2.0.2, 2.0.1, 2.0.0, 2.0.0-next.fb6e6f70, 2.0.0-next.b2fd8db8, 2.0.0-next.a671462c, 2.0.0-next.9754a231, 2.0.0-next.66cc7a90, 2.0.0-next.47d2d941, 2.0.0-next.3e165448, 2.0.0-next.2150693d, 2.0.0-next.096703ab, 2.0.0-next.03604a46, 1.1.5, 1.1.4, 1.1.3, 1.1.2, 1.1.1, 1.1.0, 1.0.17, 1.0.16, 1.0.15, 1.0.14, 1.0.13, 1.0.12, 1.0.11, 1.0.10, 1.0.9, 1.0.8, 1.0.7, 1.0.7-alpha.60ae2b6d, 1.0.6, 1.0.5, 1.0.4, 1.0.3, 1.0.2, 1.0.1, 1.0.0, 1.0.0-alpha.e280254d, 1.0.0-alpha.dadf93b2, 1.0.0-alpha.c82c4f05, 1.0.0-alpha.55afd862, 1.0.0-alpha.134d2297, 1.0.0-alpha.0d0536f9, 1.0.0-alpha.02968ecd, 1.0.0-alpha.58689133, 0.10.0-alpha.328cb32e, 0.9.5, 0.9.4, 0.9.3, 0.9.2, 0.9.1, 0.9.0, 0.8.5, 0.8.4, 0.8.3, 0.8.2, 0.8.1, 0.8.0, 0.7.0, 0.7.0-alpha.e756d73a, 0.7.0-alpha.9c45b252, 0.6.1, 0.6.0, 0.5.1, 0.5.0, 0.4.3, 0.4.3-0, 0.4.2, 0.4.1, 0.4.0, 0.3.1, 0.3.0, 0.3.0-beta, 0.3.0-alpha, 0.2.3, 0.2.2, 0.2.1, 0.2.0, 0.2.0-alpha.1, 0.1.0, 0.0.0
22 silly fetchPackageMetaData
22 silly fetchPackageMetaData     at pickVersionFromRegistryDocument (/usr/share/npm/lib/fetch-package-metadata.js:156:16)
22 silly fetchPackageMetaData     at /usr/share/npm/node_modules/iferr/index.js:13:50
22 silly fetchPackageMetaData     at /usr/share/npm/lib/utils/pulse-till-done.js:19:8
22 silly fetchPackageMetaData     at saved (/usr/share/npm/lib/cache/caching-client.js:168:7)
22 silly fetchPackageMetaData     at /usr/share/npm/node_modules/graceful-fs/polyfills.js:210:7
22 silly fetchPackageMetaData     at FSReqWrap.oncomplete (fs.js:135:15)
22 silly fetchPackageMetaData  error for react-scripts@2.1.8-global Error: No compatible version found: react-scripts@2.1.8-global
22 silly fetchPackageMetaData Valid install targets:
22 silly fetchPackageMetaData 3.0.1, 3.0.0, 3.0.0-next.b0cbf2ca, 3.0.0-next.68, 2.1.8, 2.1.7, 2.1.6, 2.1.5, 2.1.4, 2.1.3, 2.1.3-next.6a95aae9, 2.1.2, 2.1.1, 2.1.0, 2.0.6-next.c662dfb0, 2.0.6-next.9b4009d7, 2.0.5, 2.0.4, 2.0.3, 2.0.2, 2.0.1, 2.0.0, 2.0.0-next.fb6e6f70, 2.0.0-next.b2fd8db8, 2.0.0-next.a671462c, 2.0.0-next.9754a231, 2.0.0-next.66cc7a90, 2.0.0-next.47d2d941, 2.0.0-next.3e165448, 2.0.0-next.2150693d, 2.0.0-next.096703ab, 2.0.0-next.03604a46, 1.1.5, 1.1.4, 1.1.3, 1.1.2, 1.1.1, 1.1.0, 1.0.17, 1.0.16, 1.0.15, 1.0.14, 1.0.13, 1.0.12, 1.0.11, 1.0.10, 1.0.9, 1.0.8, 1.0.7, 1.0.7-alpha.60ae2b6d, 1.0.6, 1.0.5, 1.0.4, 1.0.3, 1.0.2, 1.0.1, 1.0.0, 1.0.0-alpha.e280254d, 1.0.0-alpha.dadf93b2, 1.0.0-alpha.c82c4f05, 1.0.0-alpha.55afd862, 1.0.0-alpha.134d2297, 1.0.0-alpha.0d0536f9, 1.0.0-alpha.02968ecd, 1.0.0-alpha.58689133, 0.10.0-alpha.328cb32e, 0.9.5, 0.9.4, 0.9.3, 0.9.2, 0.9.1, 0.9.0, 0.8.5, 0.8.4, 0.8.3, 0.8.2, 0.8.1, 0.8.0, 0.7.0, 0.7.0-alpha.e756d73a, 0.7.0-alpha.9c45b252, 0.6.1, 0.6.0, 0.5.1, 0.5.0, 0.4.3, 0.4.3-0, 0.4.2, 0.4.1, 0.4.0, 0.3.1, 0.3.0, 0.3.0-beta, 0.3.0-alpha, 0.2.3, 0.2.2, 0.2.1, 0.2.0, 0.2.0-alpha.1, 0.1.0, 0.0.0
22 silly fetchPackageMetaData
22 silly fetchPackageMetaData     at pickVersionFromRegistryDocument (/usr/share/npm/lib/fetch-package-metadata.js:156:16)
22 silly fetchPackageMetaData     at /usr/share/npm/node_modules/iferr/index.js:13:50
22 silly fetchPackageMetaData     at /usr/share/npm/lib/utils/pulse-till-done.js:19:8
22 silly fetchPackageMetaData     at saved (/usr/share/npm/lib/cache/caching-client.js:168:7)
22 silly fetchPackageMetaData     at /usr/share/npm/node_modules/graceful-fs/polyfills.js:210:7
22 silly fetchPackageMetaData     at FSReqWrap.oncomplete (fs.js:135:15)
23 silly rollbackFailedOptional Starting
24 silly rollbackFailedOptional Finishing
25 silly runTopLevelLifecycles Starting
26 silly runTopLevelLifecycles Finishing
27 silly install printInstalled
28 verbose stack Error: No compatible version found: react-scripts@2.1.8-global
28 verbose stack Valid install targets:
28 verbose stack 3.0.1, 3.0.0, 3.0.0-next.b0cbf2ca, 3.0.0-next.68, 2.1.8, 2.1.7, 2.1.6, 2.1.5, 2.1.4, 2.1.3, 2.1.3-next.6a95aae9, 2.1.2, 2.1.1, 2.1.0, 2.0.6-next.c662dfb0, 2.0.6-next.9b4009d7, 2.0.5, 2.0.4, 2.0.3, 2.0.2, 2.0.1, 2.0.0, 2.0.0-next.fb6e6f70, 2.0.0-next.b2fd8db8, 2.0.0-next.a671462c, 2.0.0-next.9754a231, 2.0.0-next.66cc7a90, 2.0.0-next.47d2d941, 2.0.0-next.3e165448, 2.0.0-next.2150693d, 2.0.0-next.096703ab, 2.0.0-next.03604a46, 1.1.5, 1.1.4, 1.1.3, 1.1.2, 1.1.1, 1.1.0, 1.0.17, 1.0.16, 1.0.15, 1.0.14, 1.0.13, 1.0.12, 1.0.11, 1.0.10, 1.0.9, 1.0.8, 1.0.7, 1.0.7-alpha.60ae2b6d, 1.0.6, 1.0.5, 1.0.4, 1.0.3, 1.0.2, 1.0.1, 1.0.0, 1.0.0-alpha.e280254d, 1.0.0-alpha.dadf93b2, 1.0.0-alpha.c82c4f05, 1.0.0-alpha.55afd862, 1.0.0-alpha.134d2297, 1.0.0-alpha.0d0536f9, 1.0.0-alpha.02968ecd, 1.0.0-alpha.58689133, 0.10.0-alpha.328cb32e, 0.9.5, 0.9.4, 0.9.3, 0.9.2, 0.9.1, 0.9.0, 0.8.5, 0.8.4, 0.8.3, 0.8.2, 0.8.1, 0.8.0, 0.7.0, 0.7.0-alpha.e756d73a, 0.7.0-alpha.9c45b252, 0.6.1, 0.6.0, 0.5.1, 0.5.0, 0.4.3, 0.4.3-0, 0.4.2, 0.4.1, 0.4.0, 0.3.1, 0.3.0, 0.3.0-beta, 0.3.0-alpha, 0.2.3, 0.2.2, 0.2.1, 0.2.0, 0.2.0-alpha.1, 0.1.0, 0.0.0
28 verbose stack
28 verbose stack     at pickVersionFromRegistryDocument (/usr/share/npm/lib/fetch-package-metadata.js:156:16)
28 verbose stack     at /usr/share/npm/node_modules/iferr/index.js:13:50
28 verbose stack     at /usr/share/npm/lib/utils/pulse-till-done.js:19:8
28 verbose stack     at saved (/usr/share/npm/lib/cache/caching-client.js:168:7)
28 verbose stack     at /usr/share/npm/node_modules/graceful-fs/polyfills.js:210:7
28 verbose stack     at FSReqWrap.oncomplete (fs.js:135:15)
29 verbose cwd /home/robinson/pfinal
30 error Linux 4.18.0-15-generic
31 error argv "/usr/bin/node" "/usr/bin/npm" "install" "react-scripts@2.1.8-global"
32 error node v8.10.0
33 error npm  v3.5.2
34 error No compatible version found: react-scripts@2.1.8-global
34 error Valid install targets:
34 error 3.0.1, 3.0.0, 3.0.0-next.b0cbf2ca, 3.0.0-next.68, 2.1.8, 2.1.7, 2.1.6, 2.1.5, 2.1.4, 2.1.3, 2.1.3-next.6a95aae9, 2.1.2, 2.1.1, 2.1.0, 2.0.6-next.c662dfb0, 2.0.6-next.9b4009d7, 2.0.5, 2.0.4, 2.0.3, 2.0.2, 2.0.1, 2.0.0, 2.0.0-next.fb6e6f70, 2.0.0-next.b2fd8db8, 2.0.0-next.a671462c, 2.0.0-next.9754a231, 2.0.0-next.66cc7a90, 2.0.0-next.47d2d941, 2.0.0-next.3e165448, 2.0.0-next.2150693d, 2.0.0-next.096703ab, 2.0.0-next.03604a46, 1.1.5, 1.1.4, 1.1.3, 1.1.2, 1.1.1, 1.1.0, 1.0.17, 1.0.16, 1.0.15, 1.0.14, 1.0.13, 1.0.12, 1.0.11, 1.0.10, 1.0.9, 1.0.8, 1.0.7, 1.0.7-alpha.60ae2b6d, 1.0.6, 1.0.5, 1.0.4, 1.0.3, 1.0.2, 1.0.1, 1.0.0, 1.0.0-alpha.e280254d, 1.0.0-alpha.dadf93b2, 1.0.0-alpha.c82c4f05, 1.0.0-alpha.55afd862, 1.0.0-alpha.134d2297, 1.0.0-alpha.0d0536f9, 1.0.0-alpha.02968ecd, 1.0.0-alpha.58689133, 0.10.0-alpha.328cb32e, 0.9.5, 0.9.4, 0.9.3, 0.9.2, 0.9.1, 0.9.0, 0.8.5, 0.8.4, 0.8.3, 0.8.2, 0.8.1, 0.8.0, 0.7.0, 0.7.0-alpha.e756d73a, 0.7.0-alpha.9c45b252, 0.6.1, 0.6.0, 0.5.1, 0.5.0, 0.4.3, 0.4.3-0, 0.4.2, 0.4.1, 0.4.0, 0.3.1, 0.3.0, 0.3.0-beta, 0.3.0-alpha, 0.2.3, 0.2.2, 0.2.1, 0.2.0, 0.2.0-alpha.1, 0.1.0, 0.0.0
35 error If you need help, you may report this error at:
35 error     <https://github.com/npm/npm/issues>
36 verbose exit [ 1, true ]
